<?xml version="1.0" encoding="UTF-8"?>
<!-- Generated by org.testng.reporters.JUnitReportReporter -->
<testsuite skipped="0" hostname="BQMBQ12" name="com.sjiintegration.test.Action" tests="1" failures="0" timestamp="09 Jan 2020 20:45:12 GMT" time="27.289" errors="0">
  <testcase name="TestCaseController" time="27.289" classname="com.sjiintegration.test.Action"/>
</testsuite> <!-- com.sjiintegration.test.Action -->
