<?xml version="1.0" encoding="UTF-8"?>
<!-- Generated by org.testng.reporters.JUnitReportReporter -->
<testsuite skipped="4" hostname="BQMBQ12"
	name="com.sjindustries.APITesting.SoapServiceTesting" tests="5"
	failures="0" timestamp="01 Feb 2019 20:17:57 GMT" time="1.031"
	errors="0">
	<testcase name="testService" time="1.031"
		classname="com.sjindustries.APITesting.SoapServiceTesting" />
	<testcase
		name="whenSendMultipartRequestUsingHttpClient_thenCorrect"
		classname="com.sjindustries.APITesting.SoapServiceTesting">
		<skipped />
	</testcase> <!-- whenSendMultipartRequestUsingHttpClient_thenCorrect -->
	<testcase name="whenPostJsonUsingHttpClient_thenCorrect"
		classname="com.sjindustries.APITesting.SoapServiceTesting">
		<skipped />
	</testcase> <!-- whenPostJsonUsingHttpClient_thenCorrect -->
	<testcase
		name="whenSendPostRequestUsingHttpClient_thenCorrect"
		classname="com.sjindustries.APITesting.SoapServiceTesting">
		<skipped />
	</testcase> <!-- whenSendPostRequestUsingHttpClient_thenCorrect -->
	<testcase
		name="whenSendPostRequestWithAuthorizationUsingHttpClient_thenCorrect"
		classname="com.sjindustries.APITesting.SoapServiceTesting">
		<skipped />
	</testcase> <!-- whenSendPostRequestWithAuthorizationUsingHttpClient_thenCorrect -->
</testsuite> <!-- com.sjindustries.APITesting.SoapServiceTesting -->
