<?xml version="1.0" encoding="UTF-8"?>
<!-- Generated by org.testng.reporters.JUnitReportReporter -->
<testsuite hostname="BQMBQ12"
	name="com.sjiintegration.test.MainTest" tests="1" failures="0"
	timestamp="17 Dec 2018 02:04:19 GMT" time="19.376" errors="0">
	<testcase name="Maximo_login_Test" time="19.376"
		classname="com.sjiintegration.test.MainTest" />
</testsuite> <!-- com.sjiintegration.test.MainTest -->
